{"total": {"lines":{"total":646,"covered":627,"skipped":0,"pct":97.05},"statements":{"total":646,"covered":627,"skipped":0,"pct":97.05},"functions":{"total":34,"covered":34,"skipped":0,"pct":100},"branches":{"total":118,"covered":104,"skipped":0,"pct":88.13},"branchesTrue":{"total":0,"covered":0,"skipped":0,"pct":100}}
,"C:\\Users\\Administrator\\Desktop\\sumbanganqueryrahmah\\server\\controllers\\imports.controller.ts": {"lines":{"total":259,"covered":249,"skipped":0,"pct":96.13},"functions":{"total":4,"covered":4,"skipped":0,"pct":100},"statements":{"total":259,"covered":249,"skipped":0,"pct":96.13},"branches":{"total":52,"covered":44,"skipped":0,"pct":84.61}}
,"C:\\Users\\Administrator\\Desktop\\sumbanganqueryrahmah\\server\\routes\\imports-analysis-routes.ts": {"lines":{"total":30,"covered":30,"skipped":0,"pct":100},"functions":{"total":2,"covered":2,"skipped":0,"pct":100},"statements":{"total":30,"covered":30,"skipped":0,"pct":100},"branches":{"total":2,"covered":2,"skipped":0,"pct":100}}
,"C:\\Users\\Administrator\\Desktop\\sumbanganqueryrahmah\\server\\routes\\imports-multipart-route.ts": {"lines":{"total":97,"covered":88,"skipped":0,"pct":90.72},"functions":{"total":2,"covered":2,"skipped":0,"pct":100},"statements":{"total":97,"covered":88,"skipped":0,"pct":90.72},"branches":{"total":24,"covered":18,"skipped":0,"pct":75}}
,"C:\\Users\\Administrator\\Desktop\\sumbanganqueryrahmah\\server\\routes\\imports-multipart-utils.ts": {"lines":{"total":78,"covered":78,"skipped":0,"pct":100},"functions":{"total":4,"covered":4,"skipped":0,"pct":100},"statements":{"total":78,"covered":78,"skipped":0,"pct":100},"branches":{"total":18,"covered":18,"skipped":0,"pct":100}}
,"C:\\Users\\Administrator\\Desktop\\sumbanganqueryrahmah\\server\\routes\\imports-mutation-routes.ts": {"lines":{"total":29,"covered":29,"skipped":0,"pct":100},"functions":{"total":2,"covered":2,"skipped":0,"pct":100},"statements":{"total":29,"covered":29,"skipped":0,"pct":100},"branches":{"total":2,"covered":2,"skipped":0,"pct":100}}
,"C:\\Users\\Administrator\\Desktop\\sumbanganqueryrahmah\\server\\routes\\imports-read-routes.ts": {"lines":{"total":21,"covered":21,"skipped":0,"pct":100},"functions":{"total":2,"covered":2,"skipped":0,"pct":100},"statements":{"total":21,"covered":21,"skipped":0,"pct":100},"branches":{"total":2,"covered":2,"skipped":0,"pct":100}}
,"C:\\Users\\Administrator\\Desktop\\sumbanganqueryrahmah\\server\\routes\\imports-route-context.ts": {"lines":{"total":37,"covered":37,"skipped":0,"pct":100},"functions":{"total":2,"covered":2,"skipped":0,"pct":100},"statements":{"total":37,"covered":37,"skipped":0,"pct":100},"branches":{"total":2,"covered":2,"skipped":0,"pct":100}}
,"C:\\Users\\Administrator\\Desktop\\sumbanganqueryrahmah\\server\\routes\\imports.routes.ts": {"lines":{"total":17,"covered":17,"skipped":0,"pct":100},"functions":{"total":2,"covered":2,"skipped":0,"pct":100},"statements":{"total":17,"covered":17,"skipped":0,"pct":100},"branches":{"total":2,"covered":2,"skipped":0,"pct":100}}
,"C:\\Users\\Administrator\\Desktop\\sumbanganqueryrahmah\\server\\services\\imports.service.ts": {"lines":{"total":78,"covered":78,"skipped":0,"pct":100},"functions":{"total":14,"covered":14,"skipped":0,"pct":100},"statements":{"total":78,"covered":78,"skipped":0,"pct":100},"branches":{"total":14,"covered":14,"skipped":0,"pct":100}}
}
