{"total": {"lines":{"total":1826,"covered":1625,"skipped":0,"pct":88.99},"statements":{"total":1826,"covered":1625,"skipped":0,"pct":88.99},"functions":{"total":80,"covered":72,"skipped":0,"pct":90},"branches":{"total":327,"covered":232,"skipped":0,"pct":70.94},"branchesTrue":{"total":0,"covered":0,"skipped":0,"pct":100}}
,"C:\\Users\\Administrator\\Desktop\\sumbanganqueryrahmah\\client\\src\\components\\ui\\dialog-viewport.ts": {"lines":{"total":5,"covered":5,"skipped":0,"pct":100},"functions":{"total":0,"covered":0,"skipped":0,"pct":100},"statements":{"total":5,"covered":5,"skipped":0,"pct":100},"branches":{"total":0,"covered":0,"skipped":0,"pct":100}}
,"C:\\Users\\Administrator\\Desktop\\sumbanganqueryrahmah\\client\\src\\lib\\iframe-preview.ts": {"lines":{"total":50,"covered":47,"skipped":0,"pct":94},"functions":{"total":3,"covered":3,"skipped":0,"pct":100},"statements":{"total":50,"covered":47,"skipped":0,"pct":94},"branches":{"total":9,"covered":7,"skipped":0,"pct":77.77}}
,"C:\\Users\\Administrator\\Desktop\\sumbanganqueryrahmah\\client\\src\\lib\\safe-url.ts": {"lines":{"total":122,"covered":108,"skipped":0,"pct":88.52},"functions":{"total":7,"covered":7,"skipped":0,"pct":100},"statements":{"total":122,"covered":108,"skipped":0,"pct":88.52},"branches":{"total":28,"covered":20,"skipped":0,"pct":71.42}}
,"C:\\Users\\Administrator\\Desktop\\sumbanganqueryrahmah\\client\\src\\lib\\api\\contract.ts": {"lines":{"total":16,"covered":16,"skipped":0,"pct":100},"functions":{"total":2,"covered":2,"skipped":0,"pct":100},"statements":{"total":16,"covered":16,"skipped":0,"pct":100},"branches":{"total":4,"covered":4,"skipped":0,"pct":100}}
,"C:\\Users\\Administrator\\Desktop\\sumbanganqueryrahmah\\client\\src\\lib\\api\\imports.ts": {"lines":{"total":145,"covered":85,"skipped":0,"pct":58.62},"functions":{"total":9,"covered":5,"skipped":0,"pct":55.55},"statements":{"total":145,"covered":85,"skipped":0,"pct":58.62},"branches":{"total":23,"covered":5,"skipped":0,"pct":21.73}}
,"C:\\Users\\Administrator\\Desktop\\sumbanganqueryrahmah\\client\\src\\lib\\api\\settings.ts": {"lines":{"total":47,"covered":33,"skipped":0,"pct":70.21},"functions":{"total":6,"covered":4,"skipped":0,"pct":66.66},"statements":{"total":47,"covered":33,"skipped":0,"pct":70.21},"branches":{"total":4,"covered":4,"skipped":0,"pct":100}}
,"C:\\Users\\Administrator\\Desktop\\sumbanganqueryrahmah\\client\\src\\pages\\collection-records\\preview.ts": {"lines":{"total":259,"covered":231,"skipped":0,"pct":89.18},"functions":{"total":13,"covered":12,"skipped":0,"pct":92.3},"statements":{"total":259,"covered":231,"skipped":0,"pct":89.18},"branches":{"total":54,"covered":41,"skipped":0,"pct":75.92}}
,"C:\\Users\\Administrator\\Desktop\\sumbanganqueryrahmah\\client\\src\\pages\\viewer\\page-utils.ts": {"lines":{"total":140,"covered":136,"skipped":0,"pct":97.14},"functions":{"total":6,"covered":5,"skipped":0,"pct":83.33},"statements":{"total":140,"covered":136,"skipped":0,"pct":97.14},"branches":{"total":34,"covered":28,"skipped":0,"pct":82.35}}
,"C:\\Users\\Administrator\\Desktop\\sumbanganqueryrahmah\\server\\internal\\local-http-pipeline.ts": {"lines":{"total":157,"covered":148,"skipped":0,"pct":94.26},"functions":{"total":3,"covered":3,"skipped":0,"pct":100},"statements":{"total":157,"covered":148,"skipped":0,"pct":94.26},"branches":{"total":18,"covered":8,"skipped":0,"pct":44.44}}
,"C:\\Users\\Administrator\\Desktop\\sumbanganqueryrahmah\\server\\routes\\imports.routes.ts": {"lines":{"total":17,"covered":17,"skipped":0,"pct":100},"functions":{"total":2,"covered":2,"skipped":0,"pct":100},"statements":{"total":17,"covered":17,"skipped":0,"pct":100},"branches":{"total":2,"covered":2,"skipped":0,"pct":100}}
,"C:\\Users\\Administrator\\Desktop\\sumbanganqueryrahmah\\server\\routes\\settings.routes.ts": {"lines":{"total":15,"covered":15,"skipped":0,"pct":100},"functions":{"total":2,"covered":2,"skipped":0,"pct":100},"statements":{"total":15,"covered":15,"skipped":0,"pct":100},"branches":{"total":2,"covered":2,"skipped":0,"pct":100}}
,"C:\\Users\\Administrator\\Desktop\\sumbanganqueryrahmah\\server\\routes\\telemetry.routes.ts": {"lines":{"total":180,"covered":165,"skipped":0,"pct":91.66},"functions":{"total":10,"covered":10,"skipped":0,"pct":100},"statements":{"total":180,"covered":165,"skipped":0,"pct":91.66},"branches":{"total":51,"covered":40,"skipped":0,"pct":78.43}}
,"C:\\Users\\Administrator\\Desktop\\sumbanganqueryrahmah\\server\\services\\ai-search-branch-lookup-utils.ts": {"lines":{"total":271,"covered":222,"skipped":0,"pct":81.91},"functions":{"total":6,"covered":6,"skipped":0,"pct":100},"statements":{"total":271,"covered":222,"skipped":0,"pct":81.91},"branches":{"total":47,"covered":30,"skipped":0,"pct":63.82}}
,"C:\\Users\\Administrator\\Desktop\\sumbanganqueryrahmah\\server\\services\\imports-service-read-operations.ts": {"lines":{"total":141,"covered":137,"skipped":0,"pct":97.16},"functions":{"total":9,"covered":9,"skipped":0,"pct":100},"statements":{"total":141,"covered":137,"skipped":0,"pct":97.16},"branches":{"total":44,"covered":36,"skipped":0,"pct":81.81}}
,"C:\\Users\\Administrator\\Desktop\\sumbanganqueryrahmah\\shared\\api-contracts.ts": {"lines":{"total":261,"covered":260,"skipped":0,"pct":99.61},"functions":{"total":2,"covered":2,"skipped":0,"pct":100},"statements":{"total":261,"covered":260,"skipped":0,"pct":99.61},"branches":{"total":7,"covered":5,"skipped":0,"pct":71.42}}
}
