TN:
SF:client\src\lib\api\contract.ts
FN:3,__name
FN:3,parseApiJson
FNF:2
FNH:2
FNDA:1,__name
FNDA:10,parseApiJson
DA:1,1
DA:2,1
DA:3,10
DA:4,10
DA:5,10
DA:6,10
DA:7,10
DA:8,10
DA:9,10
DA:10,10
DA:11,10
DA:12,7
DA:13,7
DA:14,10
DA:15,10
DA:16,10
LF:16
LH:16
BRDA:3,0,0,1
BRDA:3,1,0,10
BRDA:11,2,0,7
BRDA:15,3,0,3
BRF:4
BRH:4
end_of_record
TN:
SF:client\src\lib\api\imports.ts
FN:1,__name
FN:29,getImports
FN:43,createImport
FN:58,createImportFromFile
FN:76,deleteImport
FN:81,renameImport
FN:91,getImportData
FN:122,analyzeImport
FN:132,analyzeAll
FNF:9
FNH:5
FNDA:8,__name
FNDA:2,getImports
FNDA:0,createImport
FNDA:0,createImportFromFile
FNDA:1,deleteImport
FNDA:1,renameImport
FNDA:2,getImportData
FNDA:0,analyzeImport
FNDA:0,analyzeAll
DA:1,1
DA:2,1
DA:3,1
DA:4,1
DA:5,1
DA:6,1
DA:7,1
DA:8,1
DA:9,1
DA:10,1
DA:11,1
DA:12,1
DA:13,1
DA:14,1
DA:15,1
DA:16,1
DA:17,1
DA:18,1
DA:19,1
DA:20,1
DA:21,1
DA:22,1
DA:23,1
DA:24,1
DA:25,1
DA:26,1
DA:27,1
DA:28,1
DA:29,2
DA:30,2
DA:31,2
DA:32,2
DA:33,2
DA:34,0
DA:35,0
DA:36,2
DA:37,2
DA:38,2
DA:39,2
DA:40,2
DA:41,2
DA:42,1
DA:43,0
DA:44,0
DA:45,0
DA:46,0
DA:47,0
DA:48,0
DA:49,0
DA:50,0
DA:51,0
DA:52,0
DA:53,0
DA:54,0
DA:55,0
DA:56,0
DA:57,1
DA:58,0
DA:59,0
DA:60,0
DA:61,0
DA:62,0
DA:63,0
DA:64,0
DA:65,0
DA:66,0
DA:67,0
DA:68,0
DA:69,0
DA:70,0
DA:71,0
DA:72,0
DA:73,0
DA:74,0
DA:75,1
DA:76,1
DA:77,1
DA:78,1
DA:79,1
DA:80,1
DA:81,1
DA:82,1
DA:83,1
DA:84,1
DA:85,1
DA:86,1
DA:87,1
DA:88,1
DA:89,1
DA:90,1
DA:91,2
DA:92,2
DA:93,2
DA:94,2
DA:95,2
DA:96,2
DA:97,2
DA:98,2
DA:99,2
DA:100,2
DA:101,2
DA:102,2
DA:103,0
DA:104,0
DA:105,2
DA:106,0
DA:107,0
DA:108,2
DA:109,0
DA:110,0
DA:111,2
DA:112,2
DA:113,2
DA:114,2
DA:115,2
DA:116,2
DA:117,2
DA:118,2
DA:119,2
DA:120,2
DA:121,1
DA:122,0
DA:123,0
DA:124,0
DA:125,0
DA:126,0
DA:127,0
DA:128,0
DA:129,0
DA:130,0
DA:131,1
DA:132,0
DA:133,0
DA:134,0
DA:135,0
DA:136,0
DA:137,0
DA:138,0
DA:139,0
DA:140,0
LF:140
LH:83
BRDA:1,0,0,8
BRDA:29,1,0,2
BRDA:31,2,0,0
BRDA:31,3,0,0
BRDA:32,4,0,0
BRDA:32,5,0,0
BRDA:33,6,0,0
BRDA:33,7,0,0
BRDA:36,8,0,0
BRDA:36,9,0,0
BRDA:37,10,0,0
BRDA:37,11,0,0
BRDA:38,12,0,0
BRDA:76,13,0,1
BRDA:81,14,0,1
BRDA:91,15,0,2
BRDA:102,16,0,0
BRDA:102,17,0,0
BRDA:105,18,0,0
BRDA:105,19,0,0
BRDA:108,20,0,0
BRDA:108,21,0,0
BRDA:108,22,0,0
BRF:23
BRH:5
end_of_record
TN:
SF:client\src\lib\api\settings.ts
FN:1,__name
FN:14,getSettings
FN:19,getAppConfig
FN:24,getTabVisibility
FN:29,updateSetting
FN:38,getMaintenanceStatus
FNF:6
FNH:4
FNDA:5,__name
FNDA:1,getSettings
FNDA:0,getAppConfig
FNDA:1,getTabVisibility
FNDA:2,updateSetting
FNDA:0,getMaintenanceStatus
DA:1,1
DA:2,1
DA:3,1
DA:4,1
DA:5,1
DA:6,1
DA:7,1
DA:8,1
DA:9,1
DA:10,1
DA:11,1
DA:12,1
DA:13,1
DA:14,1
DA:15,1
DA:16,1
DA:17,1
DA:18,1
DA:19,0
DA:20,0
DA:21,0
DA:22,0
DA:23,1
DA:24,1
DA:25,1
DA:26,1
DA:27,1
DA:28,1
DA:29,2
DA:30,2
DA:31,2
DA:32,2
DA:33,2
DA:34,2
DA:35,2
DA:36,2
DA:37,1
DA:38,0
DA:39,0
DA:40,0
DA:41,0
DA:42,0
DA:43,0
DA:44,0
DA:45,0
DA:46,0
DA:47,0
LF:47
LH:33
BRDA:1,0,0,5
BRDA:14,1,0,1
BRDA:24,2,0,1
BRDA:29,3,0,2
BRF:4
BRH:4
end_of_record
TN:
SF:server\controllers\imports.controller.ts
FN:2,__name
FN:30,buildImportMutationSuccessPayload
FN:38,parseViewerColumnFiltersQuery
FN:59,createImportsController
FNF:4
FNH:4
FNDA:165,__name
FNDA:1,buildImportMutationSuccessPayload
FNDA:7,parseViewerColumnFiltersQuery
FNDA:18,createImportsController
DA:1,1
DA:2,1
DA:3,1
DA:4,1
DA:5,1
DA:6,1
DA:7,1
DA:8,1
DA:9,1
DA:10,1
DA:11,1
DA:12,1
DA:13,1
DA:14,1
DA:15,1
DA:16,1
DA:17,1
DA:18,1
DA:19,1
DA:20,1
DA:21,1
DA:22,1
DA:23,1
DA:24,1
DA:25,1
DA:26,1
DA:27,1
DA:28,1
DA:29,1
DA:30,1
DA:31,1
DA:32,1
DA:33,1
DA:34,1
DA:35,1
DA:36,1
DA:37,1
DA:38,7
DA:39,7
DA:40,7
DA:41,5
DA:42,5
DA:43,7
DA:44,7
DA:45,2
DA:46,2
DA:47,7
DA:48,1
DA:49,1
DA:50,1
DA:51,1
DA:52,7
DA:53,0
DA:54,0
DA:55,7
DA:56,7
DA:57,7
DA:58,1
DA:59,1
DA:60,18
DA:61,18
DA:62,18
DA:63,18
DA:64,18
DA:65,18
DA:66,18
DA:67,18
DA:68,0
DA:69,0
DA:70,0
DA:71,0
DA:72,0
DA:73,0
DA:74,0
DA:75,0
DA:76,0
DA:77,0
DA:78,0
DA:79,0
DA:80,0
DA:81,0
DA:82,0
DA:83,0
DA:84,0
DA:85,0
DA:86,0
DA:87,0
DA:88,18
DA:89,18
DA:90,2
DA:91,2
DA:92,2
DA:93,2
DA:94,2
DA:95,2
DA:96,2
DA:97,2
DA:98,2
DA:99,2
DA:100,2
DA:101,2
DA:102,2
DA:103,2
DA:104,2
DA:105,2
DA:106,2
DA:107,2
DA:108,2
DA:109,2
DA:110,2
DA:111,2
DA:112,2
DA:113,0
DA:114,0
DA:115,0
DA:116,0
DA:117,0
DA:118,2
DA:119,18
DA:120,18
DA:121,4
DA:122,4
DA:123,4
DA:124,1
DA:125,1
DA:126,4
DA:127,4
DA:128,3
DA:129,3
DA:130,3
DA:131,3
DA:132,4
DA:133,4
DA:134,4
DA:135,4
DA:136,18
DA:137,18
DA:138,1
DA:139,1
DA:140,0
DA:141,0
DA:142,1
DA:143,1
DA:144,1
DA:145,0
DA:146,0
DA:147,1
DA:148,1
DA:149,1
DA:150,18
DA:151,18
DA:152,7
DA:153,7
DA:154,7
DA:155,7
DA:156,7
DA:157,7
DA:158,7
DA:159,7
DA:160,7
DA:161,7
DA:162,7
DA:163,7
DA:164,0
DA:165,0
DA:166,7
DA:167,7
DA:168,6
DA:169,6
DA:170,6
DA:171,7
DA:172,7
DA:173,7
DA:174,7
DA:175,7
DA:176,7
DA:177,7
DA:178,7
DA:179,7
DA:180,7
DA:181,1
DA:182,1
DA:183,1
DA:184,1
DA:185,0
DA:186,7
DA:187,18
DA:188,18
DA:189,2
DA:190,2
DA:191,2
DA:192,2
DA:193,2
DA:194,2
DA:195,2
DA:196,2
DA:197,2
DA:198,2
DA:199,2
DA:200,1
DA:201,1
DA:202,1
DA:203,1
DA:204,1
DA:205,1
DA:206,1
DA:207,2
DA:208,2
DA:209,2
DA:210,18
DA:211,18
DA:212,1
DA:213,1
DA:214,1
DA:215,1
DA:216,1
DA:217,1
DA:218,1
DA:219,1
DA:220,1
DA:221,1
DA:222,1
DA:223,0
DA:224,0
DA:225,1
DA:226,1
DA:227,1
DA:228,18
DA:229,18
DA:230,1
DA:231,1
DA:232,1
DA:233,0
DA:234,0
DA:235,1
DA:236,1
DA:237,1
DA:238,18
DA:239,18
DA:240,1
DA:241,1
DA:242,0
DA:243,0
DA:244,1
DA:245,1
DA:246,1
DA:247,18
DA:248,18
DA:249,18
DA:250,18
DA:251,18
DA:252,18
DA:253,18
DA:254,18
DA:255,18
DA:256,18
DA:257,18
DA:258,18
DA:259,18
LF:259
LH:219
BRDA:2,0,0,165
BRDA:30,1,0,1
BRDA:38,2,0,7
BRDA:40,3,0,5
BRDA:44,4,0,2
BRDA:47,5,0,1
BRDA:52,6,0,0
BRDA:56,7,0,1
BRDA:59,8,0,18
BRDA:89,9,0,2
BRDA:91,10,0,1
BRDA:97,11,0,1
BRDA:99,12,0,1
BRDA:100,13,0,1
BRDA:112,14,0,0
BRDA:120,15,0,4
BRDA:123,16,0,1
BRDA:127,17,0,3
BRDA:134,18,0,3
BRDA:137,19,0,1
BRDA:139,20,0,0
BRDA:144,21,0,0
BRDA:151,22,0,7
BRDA:157,23,0,2
BRDA:160,24,0,6
BRDA:163,25,0,0
BRDA:167,26,0,6
BRDA:171,27,0,4
BRDA:179,28,0,5
BRDA:180,29,0,1
BRDA:184,30,0,0
BRDA:188,31,0,2
BRDA:192,32,0,1
BRDA:199,33,0,1
BRDA:208,34,0,0
BRDA:197,35,0,2
BRDA:211,36,0,1
BRDA:222,37,0,0
BRDA:220,38,0,1
BRDA:229,39,0,1
BRDA:232,40,0,0
BRDA:239,41,0,1
BRDA:241,42,0,0
BRF:43
BRH:33
end_of_record
TN:
SF:server\routes\imports.routes.ts
FN:2,__name
FN:10,registerImportRoutes
FNF:2
FNH:2
FNDA:1,__name
FNDA:18,registerImportRoutes
DA:1,1
DA:2,1
DA:3,1
DA:4,1
DA:5,1
DA:6,1
DA:7,1
DA:8,1
DA:9,1
DA:10,1
DA:11,18
DA:12,18
DA:13,18
DA:14,18
DA:15,18
DA:16,1
DA:17,1
LF:17
LH:17
BRDA:2,0,0,1
BRDA:10,1,0,18
BRF:2
BRH:2
end_of_record
TN:
SF:server\routes\settings.routes.ts
FN:2,__name
FN:9,registerSettingsRoutes
FNF:2
FNH:2
FNDA:1,__name
FNDA:12,registerSettingsRoutes
DA:1,1
DA:2,1
DA:3,1
DA:4,1
DA:5,1
DA:6,1
DA:7,1
DA:8,1
DA:9,1
DA:10,12
DA:11,12
DA:12,12
DA:13,12
DA:14,1
DA:15,1
LF:15
LH:15
BRDA:2,0,0,1
BRDA:9,1,0,12
BRF:2
BRH:2
end_of_record
TN:
SF:server\services\imports.service.ts
FN:1,__name
FN:1,<static_initializer>
FN:22,ImportsService
FN:35,searchImportRows
FN:39,listImports
FN:43,createImport
FN:47,getImportDetails
FN:51,getImportDataPage
FN:55,analyzeImport
FN:59,analyzeAll
FN:63,renameImport
FN:67,deleteImport
FN:71,parseCreateImportBody
FN:75,parseRenameBody
FNF:14
FNH:13
FNDA:1,__name
FNDA:1,<static_initializer>
FNDA:18,ImportsService
FNDA:0,searchImportRows
FNDA:2,listImports
FNDA:3,createImport
FNDA:1,getImportDetails
FNDA:6,getImportDataPage
FNDA:2,analyzeImport
FNDA:1,analyzeAll
FNDA:1,renameImport
FNDA:1,deleteImport
FNDA:4,parseCreateImportBody
FNDA:1,parseRenameBody
DA:1,1
DA:2,1
DA:3,1
DA:4,1
DA:5,1
DA:6,1
DA:7,1
DA:8,1
DA:9,1
DA:10,1
DA:11,1
DA:12,1
DA:13,1
DA:14,1
DA:15,1
DA:16,1
DA:17,1
DA:18,1
DA:19,1
DA:20,1
DA:21,1
DA:22,1
DA:23,18
DA:24,18
DA:25,18
DA:26,18
DA:27,18
DA:28,18
DA:29,18
DA:30,18
DA:31,18
DA:32,18
DA:33,18
DA:34,1
DA:35,1
DA:36,0
DA:37,0
DA:38,1
DA:39,1
DA:40,2
DA:41,2
DA:42,1
DA:43,1
DA:44,3
DA:45,3
DA:46,1
DA:47,1
DA:48,1
DA:49,1
DA:50,1
DA:51,1
DA:52,6
DA:53,6
DA:54,1
DA:55,1
DA:56,2
DA:57,2
DA:58,1
DA:59,1
DA:60,1
DA:61,1
DA:62,1
DA:63,1
DA:64,1
DA:65,1
DA:66,1
DA:67,1
DA:68,1
DA:69,1
DA:70,1
DA:71,1
DA:72,4
DA:73,4
DA:74,1
DA:75,1
DA:76,1
DA:77,1
DA:78,1
LF:78
LH:76
BRDA:1,0,0,1
BRDA:1,1,0,1
BRDA:22,2,0,18
BRDA:39,3,0,2
BRDA:43,4,0,3
BRDA:47,5,0,1
BRDA:51,6,0,6
BRDA:55,7,0,2
BRDA:59,8,0,1
BRDA:63,9,0,1
BRDA:67,10,0,1
BRDA:71,11,0,4
BRDA:75,12,0,1
BRF:13
BRH:13
end_of_record
TN:
SF:server\services\settings.service.ts
FN:41,__name
FN:42,SettingsService
FN:1,<static_initializer>
FN:47,getAppConfig
FN:51,getTabVisibility
FN:55,getSettingsForRole
FN:59,updateSetting
FNF:7
FNH:7
FNDA:1,__name
FNDA:12,SettingsService
FNDA:1,<static_initializer>
FNDA:1,getAppConfig
FNDA:1,getTabVisibility
FNDA:1,getSettingsForRole
FNDA:7,updateSetting
DA:1,1
DA:2,1
DA:3,1
DA:4,1
DA:5,1
DA:6,1
DA:7,1
DA:8,1
DA:9,1
DA:10,1
DA:11,1
DA:12,1
DA:13,1
DA:14,1
DA:15,1
DA:16,1
DA:17,1
DA:18,1
DA:19,1
DA:20,1
DA:21,1
DA:22,1
DA:23,1
DA:24,1
DA:25,1
DA:26,1
DA:27,1
DA:28,1
DA:29,1
DA:30,1
DA:31,1
DA:32,1
DA:33,1
DA:34,1
DA:35,1
DA:36,1
DA:37,1
DA:38,1
DA:39,1
DA:40,1
DA:41,1
DA:42,1
DA:43,12
DA:44,12
DA:45,12
DA:46,1
DA:47,1
DA:48,1
DA:49,1
DA:50,1
DA:51,1
DA:52,1
DA:53,1
DA:54,1
DA:55,1
DA:56,1
DA:57,1
DA:58,1
DA:59,1
DA:60,7
DA:61,7
DA:62,7
DA:63,7
DA:64,7
DA:65,7
DA:66,7
DA:67,7
DA:68,7
DA:69,7
DA:70,5
DA:71,5
DA:72,7
DA:73,7
DA:74,2
DA:75,2
DA:76,2
DA:77,7
DA:78,7
DA:79,7
DA:80,7
DA:81,7
DA:82,7
DA:83,7
DA:84,1
DA:85,1
DA:86,1
DA:87,1
DA:88,1
DA:89,1
DA:90,1
DA:91,1
DA:92,1
DA:93,1
DA:94,1
DA:95,1
DA:96,1
DA:97,1
DA:98,1
DA:99,1
DA:100,1
DA:101,1
DA:102,1
DA:103,1
DA:104,7
DA:105,1
LF:105
LH:105
BRDA:41,0,0,1
BRDA:42,1,0,12
BRDA:1,2,0,1
BRDA:47,3,0,1
BRDA:51,4,0,1
BRDA:55,5,0,1
BRDA:59,6,0,7
BRDA:60,7,0,0
BRDA:69,8,0,5
BRDA:73,9,0,2
BRDA:77,10,0,1
BRDA:80,11,0,2
BRDA:80,12,0,0
BRDA:83,13,0,2
BRDA:83,14,0,1
BRF:15
BRH:13
end_of_record
TN:
SF:shared\api-contracts.ts
FNF:0
FNH:0
DA:1,1
DA:2,1
DA:3,1
DA:4,1
DA:5,1
DA:6,1
DA:7,1
DA:8,1
DA:9,1
DA:10,1
DA:11,1
DA:12,1
DA:13,1
DA:14,1
DA:15,1
DA:16,1
DA:17,1
DA:18,1
DA:19,1
DA:20,1
DA:21,1
DA:22,1
DA:23,1
DA:24,1
DA:25,1
DA:26,1
DA:27,1
DA:28,1
DA:29,1
DA:30,1
DA:31,1
DA:32,1
DA:33,1
DA:34,1
DA:35,1
DA:36,1
DA:37,1
DA:38,1
DA:39,1
DA:40,1
DA:41,1
DA:42,1
DA:43,1
DA:44,1
DA:45,1
DA:46,1
DA:47,1
DA:48,1
DA:49,1
DA:50,1
DA:51,1
DA:52,1
DA:53,1
DA:54,1
DA:55,1
DA:56,1
DA:57,1
DA:58,1
DA:59,1
DA:60,1
DA:61,1
DA:62,1
DA:63,1
DA:64,1
DA:65,1
DA:66,1
DA:67,1
DA:68,1
DA:69,1
DA:70,1
DA:71,1
DA:72,1
DA:73,1
DA:74,1
DA:75,1
DA:76,1
DA:77,1
DA:78,1
DA:79,1
DA:80,1
DA:81,1
DA:82,1
DA:83,1
DA:84,1
DA:85,1
DA:86,1
DA:87,1
DA:88,1
DA:89,1
DA:90,1
DA:91,1
DA:92,1
DA:93,1
DA:94,1
DA:95,1
DA:96,1
DA:97,1
DA:98,1
DA:99,1
DA:100,1
DA:101,1
DA:102,1
DA:103,1
DA:104,1
LF:104
LH:104
BRF:0
BRH:0
end_of_record
