TN:
SF:client\src\components\ui\dialog-viewport.ts
FNF:0
FNH:0
DA:1,1
DA:2,1
DA:3,1
DA:4,1
DA:5,1
LF:5
LH:5
BRF:0
BRH:0
end_of_record
TN:
SF:client\src\lib\iframe-preview.ts
FN:3,__name
FN:15,resolveSafeInlineIframePreviewUrl
FN:40,getSandboxedPreviewIframeProps
FNF:3
FNH:3
FNDA:2,__name
FNDA:4,resolveSafeInlineIframePreviewUrl
FNDA:2,getSandboxedPreviewIframeProps
DA:1,1
DA:2,1
DA:3,1
DA:4,1
DA:5,1
DA:6,1
DA:7,1
DA:8,1
DA:9,1
DA:10,1
DA:11,1
DA:12,1
DA:13,1
DA:14,1
DA:15,1
DA:16,4
DA:17,4
DA:18,4
DA:19,4
DA:20,4
DA:21,4
DA:22,0
DA:23,4
DA:24,4
DA:25,4
DA:26,4
DA:27,4
DA:28,4
DA:29,4
DA:30,2
DA:31,2
DA:32,2
DA:33,4
DA:34,0
DA:35,0
DA:36,4
DA:37,4
DA:38,4
DA:39,1
DA:40,1
DA:41,2
DA:42,2
DA:43,2
DA:44,2
DA:45,2
DA:46,2
DA:47,1
DA:48,1
DA:49,2
DA:50,2
LF:50
LH:47
BRDA:3,0,0,2
BRDA:15,1,0,4
BRDA:21,2,0,0
BRDA:29,3,0,2
BRDA:33,4,0,1
BRDA:33,5,0,0
BRDA:37,6,0,2
BRDA:40,7,0,2
BRDA:46,8,0,1
BRF:9
BRH:7
end_of_record
TN:
SF:client\src\lib\safe-url.ts
FN:1,__name
FN:14,normalizeUrlValue
FN:18,resolveUrlBase
FN:35,resolveSafeUrl
FN:71,resolveSafeHttpUrl
FN:81,resolveSafeNavigationUrl
FN:92,resolveSafePreviewSourceUrl
FNF:7
FNH:7
FNDA:12,__name
FNDA:32,normalizeUrlValue
FNDA:16,resolveUrlBase
FNDA:7,resolveSafeUrl
FNDA:2,resolveSafeHttpUrl
FNDA:3,resolveSafeNavigationUrl
FNDA:9,resolveSafePreviewSourceUrl
DA:1,1
DA:2,1
DA:3,1
DA:4,1
DA:5,1
DA:6,1
DA:7,1
DA:8,1
DA:9,1
DA:10,1
DA:11,1
DA:12,1
DA:13,1
DA:14,32
DA:15,32
DA:16,32
DA:17,1
DA:18,16
DA:19,16
DA:20,0
DA:21,0
DA:22,16
DA:23,16
DA:24,16
DA:25,16
DA:26,16
DA:27,16
DA:28,16
DA:29,0
DA:30,0
DA:31,0
DA:32,0
DA:33,16
DA:34,1
DA:35,1
DA:36,7
DA:37,7
DA:38,7
DA:39,7
DA:40,7
DA:41,7
DA:42,7
DA:43,7
DA:44,7
DA:45,0
DA:46,0
DA:47,7
DA:48,7
DA:49,7
DA:50,7
DA:51,7
DA:52,7
DA:53,7
DA:54,7
DA:55,7
DA:56,7
DA:57,7
DA:58,2
DA:59,2
DA:60,7
DA:61,7
DA:62,1
DA:63,1
DA:64,7
DA:65,7
DA:66,7
DA:67,0
DA:68,0
DA:69,7
DA:70,1
DA:71,1
DA:72,2
DA:73,2
DA:74,2
DA:75,2
DA:76,2
DA:77,2
DA:78,2
DA:79,2
DA:80,1
DA:81,1
DA:82,3
DA:83,3
DA:84,3
DA:85,3
DA:86,3
DA:87,3
DA:88,3
DA:89,3
DA:90,3
DA:91,1
DA:92,1
DA:93,9
DA:94,9
DA:95,9
DA:96,9
DA:97,9
DA:98,0
DA:99,0
DA:100,9
DA:101,9
DA:102,9
DA:103,6
DA:104,3
DA:105,9
DA:106,9
DA:107,9
DA:108,9
DA:109,9
DA:110,9
DA:111,2
DA:112,2
DA:113,9
DA:114,9
DA:115,3
DA:116,3
DA:117,6
DA:118,6
DA:119,9
DA:120,0
DA:121,0
DA:122,9
LF:122
LH:108
BRDA:1,0,0,12
BRDA:14,1,0,32
BRDA:15,2,0,0
BRDA:18,3,0,16
BRDA:19,4,0,0
BRDA:28,5,0,0
BRDA:28,6,0,0
BRDA:35,7,0,7
BRDA:44,8,0,0
BRDA:57,9,0,2
BRDA:61,10,0,5
BRDA:61,11,0,3
BRDA:61,12,0,1
BRDA:65,13,0,4
BRDA:66,14,0,0
BRDA:50,15,0,15
BRDA:71,16,0,2
BRDA:81,17,0,3
BRDA:92,18,0,9
BRDA:97,19,0,0
BRDA:102,20,0,6
BRDA:103,21,0,3
BRDA:110,22,0,2
BRDA:114,23,0,7
BRDA:114,24,0,6
BRDA:114,25,0,3
BRDA:118,26,0,4
BRDA:119,27,0,0
BRF:28
BRH:20
end_of_record
TN:
SF:client\src\lib\api\contract.ts
FN:3,__name
FN:3,parseApiJson
FNF:2
FNH:2
FNDA:1,__name
FNDA:21,parseApiJson
DA:1,1
DA:2,1
DA:3,21
DA:4,21
DA:5,21
DA:6,21
DA:7,21
DA:8,21
DA:9,21
DA:10,21
DA:11,21
DA:12,11
DA:13,11
DA:14,21
DA:15,21
DA:16,21
LF:16
LH:16
BRDA:3,0,0,1
BRDA:3,1,0,21
BRDA:11,2,0,11
BRDA:15,3,0,10
BRF:4
BRH:4
end_of_record
TN:
SF:client\src\lib\api\imports.ts
FN:1,__name
FN:31,getImports
FN:45,createImport
FN:60,createImportFromFile
FN:81,deleteImport
FN:86,renameImport
FN:96,getImportData
FN:127,analyzeImport
FN:137,analyzeAll
FNF:9
FNH:5
FNDA:8,__name
FNDA:2,getImports
FNDA:0,createImport
FNDA:0,createImportFromFile
FNDA:1,deleteImport
FNDA:1,renameImport
FNDA:3,getImportData
FNDA:0,analyzeImport
FNDA:0,analyzeAll
DA:1,1
DA:2,1
DA:3,1
DA:4,1
DA:5,1
DA:6,1
DA:7,1
DA:8,1
DA:9,1
DA:10,1
DA:11,1
DA:12,1
DA:13,1
DA:14,1
DA:15,1
DA:16,1
DA:17,1
DA:18,1
DA:19,1
DA:20,1
DA:21,1
DA:22,1
DA:23,1
DA:24,1
DA:25,1
DA:26,1
DA:27,1
DA:28,1
DA:29,1
DA:30,1
DA:31,2
DA:32,2
DA:33,2
DA:34,2
DA:35,2
DA:36,0
DA:37,0
DA:38,2
DA:39,2
DA:40,2
DA:41,2
DA:42,2
DA:43,2
DA:44,1
DA:45,0
DA:46,0
DA:47,0
DA:48,0
DA:49,0
DA:50,0
DA:51,0
DA:52,0
DA:53,0
DA:54,0
DA:55,0
DA:56,0
DA:57,0
DA:58,0
DA:59,1
DA:60,0
DA:61,0
DA:62,0
DA:63,0
DA:64,0
DA:65,0
DA:66,0
DA:67,0
DA:68,0
DA:69,0
DA:70,0
DA:71,0
DA:72,0
DA:73,0
DA:74,0
DA:75,0
DA:76,0
DA:77,0
DA:78,0
DA:79,0
DA:80,1
DA:81,1
DA:82,1
DA:83,1
DA:84,1
DA:85,1
DA:86,1
DA:87,1
DA:88,1
DA:89,1
DA:90,1
DA:91,1
DA:92,1
DA:93,1
DA:94,1
DA:95,1
DA:96,3
DA:97,3
DA:98,3
DA:99,3
DA:100,3
DA:101,3
DA:102,3
DA:103,3
DA:104,3
DA:105,3
DA:106,3
DA:107,3
DA:108,0
DA:109,0
DA:110,3
DA:111,0
DA:112,0
DA:113,3
DA:114,0
DA:115,0
DA:116,3
DA:117,3
DA:118,3
DA:119,3
DA:120,3
DA:121,3
DA:122,3
DA:123,3
DA:124,3
DA:125,3
DA:126,1
DA:127,0
DA:128,0
DA:129,0
DA:130,0
DA:131,0
DA:132,0
DA:133,0
DA:134,0
DA:135,0
DA:136,1
DA:137,0
DA:138,0
DA:139,0
DA:140,0
DA:141,0
DA:142,0
DA:143,0
DA:144,0
DA:145,0
LF:145
LH:85
BRDA:1,0,0,8
BRDA:31,1,0,2
BRDA:33,2,0,0
BRDA:33,3,0,0
BRDA:34,4,0,0
BRDA:34,5,0,0
BRDA:35,6,0,0
BRDA:35,7,0,0
BRDA:38,8,0,0
BRDA:38,9,0,0
BRDA:39,10,0,0
BRDA:39,11,0,0
BRDA:40,12,0,0
BRDA:81,13,0,1
BRDA:86,14,0,1
BRDA:96,15,0,3
BRDA:107,16,0,0
BRDA:107,17,0,0
BRDA:110,18,0,0
BRDA:110,19,0,0
BRDA:113,20,0,0
BRDA:113,21,0,0
BRDA:113,22,0,0
BRF:23
BRH:5
end_of_record
TN:
SF:client\src\lib\api\settings.ts
FN:1,__name
FN:14,getSettings
FN:19,getAppConfig
FN:24,getTabVisibility
FN:29,updateSetting
FN:38,getMaintenanceStatus
FNF:6
FNH:4
FNDA:5,__name
FNDA:1,getSettings
FNDA:0,getAppConfig
FNDA:1,getTabVisibility
FNDA:2,updateSetting
FNDA:0,getMaintenanceStatus
DA:1,1
DA:2,1
DA:3,1
DA:4,1
DA:5,1
DA:6,1
DA:7,1
DA:8,1
DA:9,1
DA:10,1
DA:11,1
DA:12,1
DA:13,1
DA:14,1
DA:15,1
DA:16,1
DA:17,1
DA:18,1
DA:19,0
DA:20,0
DA:21,0
DA:22,0
DA:23,1
DA:24,1
DA:25,1
DA:26,1
DA:27,1
DA:28,1
DA:29,2
DA:30,2
DA:31,2
DA:32,2
DA:33,2
DA:34,2
DA:35,2
DA:36,2
DA:37,1
DA:38,0
DA:39,0
DA:40,0
DA:41,0
DA:42,0
DA:43,0
DA:44,0
DA:45,0
DA:46,0
DA:47,0
LF:47
LH:33
BRDA:1,0,0,5
BRDA:14,1,0,1
BRDA:24,2,0,1
BRDA:29,3,0,2
BRF:4
BRH:4
end_of_record
TN:
SF:client\src\pages\collection-records\preview.ts
FN:1,__name
FN:18,createAbortError
FN:28,assertPreviewSignalOpen
FN:34,isAbortError
FN:40,fitImagePreviewDimensions
FN:94,shouldKeepOriginalPreviewBlob
FN:103,loadImageElementForPreview
FN:125,image.onload
FN:129,image.onerror
FN:145,loadPreviewDrawable
FN:166,renderPreviewBlob
FN:187,canvas.width
FN:196,optimizeImageBlobForPreview
FNF:13
FNH:12
FNDA:11,__name
FNDA:1,createAbortError
FNDA:11,assertPreviewSignalOpen
FNDA:1,isAbortError
FNDA:10,fitImagePreviewDimensions
FNDA:3,shouldKeepOriginalPreviewBlob
FNDA:1,loadImageElementForPreview
FNDA:1,image.onload
FNDA:0,image.onerror
FNDA:4,loadPreviewDrawable
FNDA:2,renderPreviewBlob
FNDA:2,canvas.width
FNDA:4,optimizeImageBlobForPreview
DA:1,1
DA:2,1
DA:3,1
DA:4,1
DA:5,1
DA:6,1
DA:7,1
DA:8,1
DA:9,1
DA:10,1
DA:11,1
DA:12,1
DA:13,1
DA:14,1
DA:15,1
DA:16,1
DA:17,1
DA:18,1
DA:19,1
DA:20,1
DA:21,1
DA:22,1
DA:23,1
DA:24,0
DA:25,0
DA:26,1
DA:27,1
DA:28,11
DA:29,11
DA:30,1
DA:31,1
DA:32,11
DA:33,1
DA:34,1
DA:35,1
DA:36,1
DA:37,0
DA:38,1
DA:39,1
DA:40,1
DA:41,10
DA:42,10
DA:43,10
DA:44,10
DA:45,10
DA:46,10
DA:47,10
DA:48,10
DA:49,10
DA:50,10
DA:51,10
DA:52,10
DA:53,10
DA:54,10
DA:55,10
DA:56,9
DA:57,9
DA:58,9
DA:59,8
DA:60,8
DA:61,7
DA:62,10
DA:63,3
DA:64,3
DA:65,10
DA:66,10
DA:67,7
DA:68,7
DA:69,7
DA:70,10
DA:71,1
DA:72,1
DA:73,1
DA:74,1
DA:75,1
DA:76,10
DA:77,10
DA:78,7
DA:79,7
DA:80,10
DA:81,0
DA:82,0
DA:83,0
DA:84,0
DA:85,0
DA:86,0
DA:87,10
DA:88,10
DA:89,7
DA:90,7
DA:91,7
DA:92,10
DA:93,1
DA:94,3
DA:95,3
DA:96,3
DA:97,3
DA:98,3
DA:99,3
DA:100,3
DA:101,3
DA:102,1
DA:103,1
DA:104,1
DA:105,1
DA:106,1
DA:107,1
DA:108,1
DA:109,1
DA:110,1
DA:111,1
DA:112,1
DA:113,1
DA:114,1
DA:115,1
DA:116,1
DA:117,1
DA:118,1
DA:119,1
DA:120,0
DA:121,0
DA:122,0
DA:123,0
DA:124,1
DA:125,1
DA:126,1
DA:127,1
DA:128,1
DA:129,1
DA:130,0
DA:131,0
DA:132,0
DA:133,1
DA:134,1
DA:135,0
DA:136,0
DA:137,1
DA:138,1
DA:139,1
DA:140,1
DA:141,1
DA:142,1
DA:143,1
DA:144,1
DA:145,4
DA:146,4
DA:147,4
DA:148,4
DA:149,4
DA:150,4
DA:151,4
DA:152,2
DA:153,2
DA:154,2
DA:155,2
DA:156,2
DA:157,0
DA:158,0
DA:159,0
DA:160,0
DA:161,2
DA:162,4
DA:163,4
DA:164,4
DA:165,1
DA:166,2
DA:167,2
DA:168,2
DA:169,2
DA:170,2
DA:171,2
DA:172,2
DA:173,2
DA:174,2
DA:175,2
DA:176,2
DA:177,2
DA:178,2
DA:179,2
DA:180,2
DA:181,0
DA:182,0
DA:183,2
DA:184,2
DA:185,2
DA:186,2
DA:187,2
DA:188,2
DA:189,2
DA:190,2
DA:191,2
DA:192,2
DA:193,2
DA:194,2
DA:195,1
DA:196,4
DA:197,4
DA:198,4
DA:199,4
DA:200,4
DA:201,4
DA:202,4
DA:203,4
DA:204,4
DA:205,0
DA:206,0
DA:207,4
DA:208,4
DA:209,4
DA:210,4
DA:211,4
DA:212,4
DA:213,4
DA:214,4
DA:215,4
DA:216,0
DA:217,0
DA:218,4
DA:219,4
DA:220,3
DA:221,3
DA:222,3
DA:223,3
DA:224,3
DA:225,3
DA:226,3
DA:227,3
DA:228,3
DA:229,3
DA:230,3
DA:231,3
DA:232,3
DA:233,4
DA:234,1
DA:235,1
DA:236,4
DA:237,4
DA:238,2
DA:239,2
DA:240,2
DA:241,2
DA:242,2
DA:243,2
DA:244,4
DA:245,4
DA:246,1
DA:247,1
DA:248,1
DA:249,1
DA:250,1
DA:251,1
DA:252,4
DA:253,4
DA:254,2
DA:255,2
DA:256,1
DA:257,1
DA:258,4
DA:259,4
LF:259
LH:231
BRDA:1,0,0,11
BRDA:18,1,0,1
BRDA:23,2,0,0
BRDA:28,3,0,11
BRDA:29,4,0,1
BRDA:29,5,0,1
BRDA:34,6,0,1
BRDA:36,7,0,0
BRDA:40,8,0,10
BRDA:55,9,0,9
BRDA:58,10,0,8
BRDA:60,11,0,7
BRDA:62,12,0,3
BRDA:66,13,0,7
BRDA:70,14,0,1
BRDA:77,15,0,7
BRDA:80,16,0,0
BRDA:88,17,0,7
BRDA:94,18,0,3
BRDA:100,19,0,1
BRDA:103,20,0,1
BRDA:112,21,0,1
BRDA:134,22,0,0
BRDA:115,23,0,1
BRDA:116,24,0,0
BRDA:125,25,0,1
BRDA:145,26,0,4
BRDA:151,27,0,2
BRDA:156,28,0,0
BRDA:163,29,0,1
BRDA:166,30,0,2
BRDA:180,31,0,0
BRDA:187,32,0,2
BRDA:196,33,0,4
BRDA:204,34,0,0
BRDA:212,35,0,3
BRDA:212,36,0,1
BRDA:212,37,0,0
BRDA:212,38,0,2
BRDA:213,39,0,1
BRDA:213,40,0,0
BRDA:213,41,0,2
BRDA:215,42,0,3
BRDA:215,43,0,0
BRDA:219,44,0,3
BRDA:233,45,0,1
BRDA:237,46,0,2
BRDA:244,47,0,0
BRDA:245,48,0,1
BRDA:251,49,0,0
BRDA:253,50,0,3
BRDA:253,51,0,2
BRDA:255,52,0,1
BRDA:255,53,0,1
BRF:54
BRH:41
end_of_record
TN:
SF:client\src\pages\viewer\page-utils.ts
FN:3,__name
FN:38,resolveViewerImportName
FN:49,isAbortError
FN:55,normalizeViewerPageResult
FN:90,resolveViewerPageHeaders
FN:114,buildViewerActiveFilterChips
FNF:6
FNH:5
FNDA:8,__name
FNDA:2,resolveViewerImportName
FNDA:0,isAbortError
FNDA:3,normalizeViewerPageResult
FNDA:2,resolveViewerPageHeaders
FNDA:1,buildViewerActiveFilterChips
DA:1,1
DA:2,1
DA:3,1
DA:4,1
DA:5,1
DA:6,1
DA:7,1
DA:8,1
DA:9,1
DA:10,1
DA:11,1
DA:12,1
DA:13,1
DA:14,1
DA:15,1
DA:16,1
DA:17,1
DA:18,1
DA:19,1
DA:20,1
DA:21,1
DA:22,6
DA:23,1
DA:24,1
DA:25,2
DA:26,1
DA:27,1
DA:28,1
DA:29,1
DA:30,1
DA:31,1
DA:32,1
DA:33,1
DA:34,1
DA:35,1
DA:36,1
DA:37,1
DA:38,1
DA:39,2
DA:40,2
DA:41,2
DA:42,2
DA:43,2
DA:44,1
DA:45,1
DA:46,2
DA:47,2
DA:48,1
DA:49,1
DA:50,0
DA:51,0
DA:52,0
DA:53,0
DA:54,1
DA:55,1
DA:56,3
DA:57,3
DA:58,3
DA:59,3
DA:60,3
DA:61,3
DA:62,3
DA:63,3
DA:64,3
DA:65,3
DA:66,3
DA:67,1
DA:68,2
DA:69,3
DA:70,3
DA:71,2
DA:72,3
DA:73,3
DA:74,3
DA:75,3
DA:76,3
DA:77,3
DA:78,4
DA:79,4
DA:80,3
DA:81,3
DA:82,3
DA:83,3
DA:84,3
DA:85,1
DA:86,2
DA:87,3
DA:88,3
DA:89,1
DA:90,1
DA:91,2
DA:92,2
DA:93,2
DA:94,2
DA:95,1
DA:96,1
DA:97,1
DA:98,1
DA:99,2
DA:100,2
DA:101,1
DA:102,1
DA:103,1
DA:104,1
DA:105,2
DA:106,1
DA:107,1
DA:108,1
DA:109,1
DA:110,1
DA:111,1
DA:112,1
DA:113,1
DA:114,1
DA:115,1
DA:116,1
DA:117,1
DA:118,1
DA:119,1
DA:120,1
DA:121,1
DA:122,1
DA:123,1
DA:124,1
DA:125,1
DA:126,1
DA:127,1
DA:128,1
DA:129,1
DA:130,1
DA:131,1
DA:132,1
DA:133,1
DA:134,1
DA:135,1
DA:136,1
DA:137,1
DA:138,1
DA:139,1
DA:140,1
LF:140
LH:136
BRDA:3,0,0,8
BRDA:21,1,0,6
BRDA:22,2,0,5
BRDA:22,3,0,1
BRDA:24,4,0,2
BRDA:25,5,0,0
BRDA:38,6,0,2
BRDA:40,7,0,0
BRDA:43,8,0,1
BRDA:43,9,0,1
BRDA:44,10,0,0
BRDA:55,11,0,3
BRDA:66,12,0,1
BRDA:67,13,0,2
BRDA:69,14,0,1
BRDA:69,15,0,2
BRDA:70,16,0,1
BRDA:70,17,0,2
BRDA:72,18,0,1
BRDA:72,19,0,2
BRDA:74,20,0,0
BRDA:84,21,0,1
BRDA:85,22,0,2
BRDA:86,23,0,1
BRDA:77,24,0,4
BRDA:78,25,0,0
BRDA:90,26,0,2
BRDA:94,27,0,1
BRDA:100,28,0,1
BRDA:96,29,0,4
BRDA:96,30,0,0
BRDA:114,31,0,1
BRDA:131,32,0,1
BRDA:135,33,0,1
BRF:34
BRH:28
end_of_record
TN:
SF:server\internal\local-http-pipeline.ts
FN:1,__name
FN:24,normalizeRequestUserAgent
FN:45,registerLocalHttpPipeline
FNF:3
FNH:3
FNDA:2,__name
FNDA:3,normalizeRequestUserAgent
FNDA:4,registerLocalHttpPipeline
DA:1,1
DA:2,1
DA:3,1
DA:4,1
DA:5,1
DA:6,1
DA:7,1
DA:8,1
DA:9,1
DA:10,1
DA:11,1
DA:12,1
DA:13,1
DA:14,1
DA:15,1
DA:16,1
DA:17,1
DA:18,1
DA:19,1
DA:20,1
DA:21,1
DA:22,1
DA:23,1
DA:24,3
DA:25,3
DA:26,3
DA:27,0
DA:28,0
DA:29,3
DA:30,3
DA:31,3
DA:32,1
DA:33,1
DA:34,1
DA:35,1
DA:36,1
DA:37,1
DA:38,1
DA:39,1
DA:40,1
DA:41,1
DA:42,1
DA:43,1
DA:44,1
DA:45,1
DA:46,4
DA:47,4
DA:48,4
DA:49,4
DA:50,4
DA:51,4
DA:52,4
DA:53,4
DA:54,4
DA:55,4
DA:56,4
DA:57,4
DA:58,4
DA:59,4
DA:60,4
DA:61,4
DA:62,4
DA:63,4
DA:64,4
DA:65,4
DA:66,4
DA:67,4
DA:68,4
DA:69,4
DA:70,4
DA:71,4
DA:72,4
DA:73,4
DA:74,4
DA:75,4
DA:76,4
DA:77,4
DA:78,4
DA:79,4
DA:80,4
DA:81,4
DA:82,4
DA:83,6
DA:84,6
DA:85,4
DA:86,4
DA:87,4
DA:88,4
DA:89,4
DA:90,4
DA:91,4
DA:92,4
DA:93,4
DA:94,4
DA:95,4
DA:96,4
DA:97,4
DA:98,4
DA:99,4
DA:100,4
DA:101,4
DA:102,3
DA:103,4
DA:104,4
DA:105,4
DA:106,3
DA:107,3
DA:108,3
DA:109,3
DA:110,3
DA:111,3
DA:112,3
DA:113,3
DA:114,3
DA:115,3
DA:116,3
DA:117,3
DA:118,3
DA:119,3
DA:120,3
DA:121,3
DA:122,3
DA:123,3
DA:124,3
DA:125,3
DA:126,3
DA:127,3
DA:128,3
DA:129,3
DA:130,3
DA:131,3
DA:132,3
DA:133,3
DA:134,3
DA:135,3
DA:136,3
DA:137,3
DA:138,0
DA:139,3
DA:140,0
DA:141,3
DA:142,0
DA:143,0
DA:144,0
DA:145,0
DA:146,0
DA:147,3
DA:148,3
DA:149,3
DA:150,3
DA:151,4
DA:152,4
DA:153,4
DA:154,4
DA:155,4
DA:156,4
DA:157,4
LF:157
LH:148
BRDA:1,0,0,2
BRDA:24,1,0,3
BRDA:25,2,0,0
BRDA:26,3,0,0
BRDA:45,4,0,4
BRDA:82,5,0,6
BRDA:101,6,0,3
BRDA:105,7,0,3
BRDA:107,8,0,0
BRDA:107,9,0,0
BRDA:118,10,0,3
BRDA:122,11,0,3
BRDA:124,12,0,0
BRDA:132,13,0,0
BRDA:132,14,0,0
BRDA:137,15,0,0
BRDA:139,16,0,0
BRDA:141,17,0,0
BRF:18
BRH:8
end_of_record
TN:
SF:server\routes\imports.routes.ts
FN:2,__name
FN:10,registerImportRoutes
FNF:2
FNH:2
FNDA:1,__name
FNDA:24,registerImportRoutes
DA:1,1
DA:2,1
DA:3,1
DA:4,1
DA:5,1
DA:6,1
DA:7,1
DA:8,1
DA:9,1
DA:10,1
DA:11,24
DA:12,24
DA:13,24
DA:14,24
DA:15,24
DA:16,1
DA:17,1
LF:17
LH:17
BRDA:2,0,0,1
BRDA:10,1,0,24
BRF:2
BRH:2
end_of_record
TN:
SF:server\routes\settings.routes.ts
FN:2,__name
FN:9,registerSettingsRoutes
FNF:2
FNH:2
FNDA:1,__name
FNDA:12,registerSettingsRoutes
DA:1,1
DA:2,1
DA:3,1
DA:4,1
DA:5,1
DA:6,1
DA:7,1
DA:8,1
DA:9,1
DA:10,12
DA:11,12
DA:12,12
DA:13,12
DA:14,1
DA:15,1
LF:15
LH:15
BRDA:2,0,0,1
BRDA:9,1,0,12
BRF:2
BRH:2
end_of_record
TN:
SF:server\routes\telemetry.routes.ts
FN:2,__name
FN:33,clampPositiveInteger
FN:41,resolveTelemetryBucketKey
FN:45,parseContentLength
FN:50,isJsonContentType
FN:58,resolveAllowedOriginSet
FN:67,isSameSiteTelemetryRequest
FN:86,createWebVitalsTelemetryRequestGuard
FN:116,createWebVitalsTelemetryDropGuard
FN:173,registerTelemetryRoutes
FNF:10
FNH:10
FNDA:15,__name
FNDA:24,clampPositiveInteger
FNDA:6,resolveTelemetryBucketKey
FNDA:8,parseContentLength
FNDA:7,isJsonContentType
FNDA:6,resolveAllowedOriginSet
FNDA:9,isSameSiteTelemetryRequest
FNDA:6,createWebVitalsTelemetryRequestGuard
FNDA:6,createWebVitalsTelemetryDropGuard
FNDA:6,registerTelemetryRoutes
DA:1,1
DA:2,1
DA:3,1
DA:4,1
DA:5,1
DA:6,1
DA:7,1
DA:8,1
DA:9,1
DA:10,1
DA:11,1
DA:12,1
DA:13,1
DA:14,1
DA:15,1
DA:16,1
DA:17,1
DA:18,1
DA:19,1
DA:20,1
DA:21,1
DA:22,1
DA:23,1
DA:24,1
DA:25,1
DA:26,1
DA:27,1
DA:28,1
DA:29,1
DA:30,1
DA:31,1
DA:32,1
DA:33,24
DA:34,24
DA:35,24
DA:36,21
DA:37,21
DA:38,24
DA:39,24
DA:40,1
DA:41,6
DA:42,6
DA:43,6
DA:44,1
DA:45,8
DA:46,8
DA:47,8
DA:48,8
DA:49,1
DA:50,7
DA:51,7
DA:52,7
DA:53,0
DA:54,0
DA:55,7
DA:56,7
DA:57,1
DA:58,6
DA:59,6
DA:60,6
DA:61,6
DA:62,6
DA:63,6
DA:64,6
DA:65,6
DA:66,1
DA:67,9
DA:68,9
DA:69,9
DA:70,1
DA:71,1
DA:72,9
DA:73,9
DA:74,9
DA:75,0
DA:76,0
DA:77,9
DA:78,9
DA:79,9
DA:80,0
DA:81,0
DA:82,9
DA:83,9
DA:84,9
DA:85,1
DA:86,1
DA:87,6
DA:88,6
DA:89,6
DA:90,6
DA:91,6
DA:92,6
DA:93,6
DA:94,6
DA:95,6
DA:96,9
DA:97,1
DA:98,1
DA:99,1
DA:100,9
DA:101,9
DA:102,9
DA:103,1
DA:104,1
DA:105,1
DA:106,9
DA:107,9
DA:108,1
DA:109,1
DA:110,1
DA:111,9
DA:112,9
DA:113,9
DA:114,6
DA:115,1
DA:116,1
DA:117,6
DA:118,6
DA:119,6
DA:120,6
DA:121,6
DA:122,6
DA:123,6
DA:124,6
DA:125,6
DA:126,6
DA:127,6
DA:128,6
DA:129,6
DA:130,3
DA:131,1
DA:132,1
DA:133,3
DA:134,6
DA:135,6
DA:136,6
DA:137,6
DA:138,6
DA:139,6
DA:140,0
DA:141,0
DA:142,0
DA:143,0
DA:144,0
DA:145,0
DA:146,0
DA:147,6
DA:148,6
DA:149,6
DA:150,6
DA:151,6
DA:152,6
DA:153,6
DA:154,6
DA:155,6
DA:156,2
DA:157,4
DA:158,6
DA:159,6
DA:160,6
DA:161,0
DA:162,0
DA:163,6
DA:164,6
DA:165,1
DA:166,1
DA:167,1
DA:168,6
DA:169,6
DA:170,6
DA:171,6
DA:172,1
DA:173,1
DA:174,6
DA:175,6
DA:176,6
DA:177,6
DA:178,6
DA:179,6
DA:180,6
LF:180
LH:165
BRDA:2,0,0,15
BRDA:33,1,0,24
BRDA:35,2,0,3
BRDA:35,3,0,21
BRDA:38,4,0,3
BRDA:41,5,0,6
BRDA:42,6,0,0
BRDA:42,7,0,0
BRDA:45,8,0,8
BRDA:47,9,0,0
BRDA:50,10,0,7
BRDA:51,11,0,0
BRDA:52,12,0,0
BRDA:55,13,0,1
BRDA:58,14,0,6
BRDA:59,15,0,5
BRDA:62,16,0,1
BRDA:63,17,0,1
BRDA:67,18,0,9
BRDA:68,19,0,8
BRDA:69,20,0,1
BRDA:73,21,0,8
BRDA:74,22,0,0
BRDA:74,23,0,0
BRDA:78,24,0,8
BRDA:79,25,0,0
BRDA:79,26,0,0
BRDA:83,27,0,8
BRDA:86,28,0,6
BRDA:95,29,0,9
BRDA:96,30,0,1
BRDA:101,31,0,8
BRDA:102,32,0,1
BRDA:107,33,0,7
BRDA:107,34,0,1
BRDA:112,35,0,6
BRDA:116,36,0,6
BRDA:125,37,0,5
BRDA:128,38,0,6
BRDA:129,39,0,3
BRDA:130,40,0,1
BRDA:139,41,0,0
BRDA:149,42,0,6
BRDA:155,43,0,2
BRDA:156,44,0,4
BRDA:160,45,0,0
BRDA:164,46,0,1
BRDA:169,47,0,5
BRDA:173,48,0,6
BRDA:176,49,0,4
BRDA:177,50,0,5
BRF:51
BRH:40
end_of_record
TN:
SF:server\services\ai-search-branch-lookup-utils.ts
FN:1,__name
FN:65,summarizeAiBranchLookupError
FN:77,warnAiBranchLookupOnce
FN:88,extractBranchLookupText
FN:92,selectLocationSource
FN:120,resolveAiBranchLookup
FNF:6
FNH:6
FNDA:5,__name
FNDA:1,summarizeAiBranchLookupError
FNDA:1,warnAiBranchLookupOnce
FNDA:1,extractBranchLookupText
FNDA:4,selectLocationSource
FNDA:5,resolveAiBranchLookup
DA:1,5
DA:2,1
DA:3,1
DA:4,1
DA:5,1
DA:6,1
DA:7,1
DA:8,1
DA:9,1
DA:10,1
DA:11,1
DA:12,1
DA:13,1
DA:14,1
DA:15,1
DA:16,1
DA:17,1
DA:18,1
DA:19,1
DA:20,1
DA:21,1
DA:22,1
DA:23,1
DA:24,1
DA:25,1
DA:26,1
DA:27,1
DA:28,1
DA:29,1
DA:30,1
DA:31,1
DA:32,1
DA:33,1
DA:34,1
DA:35,1
DA:36,1
DA:37,1
DA:38,1
DA:39,1
DA:40,1
DA:41,1
DA:42,1
DA:43,1
DA:44,1
DA:45,1
DA:46,1
DA:47,1
DA:48,1
DA:49,1
DA:50,1
DA:51,1
DA:52,1
DA:53,1
DA:54,1
DA:55,1
DA:56,1
DA:57,1
DA:58,1
DA:59,1
DA:60,1
DA:61,1
DA:62,1
DA:63,1
DA:64,1
DA:65,1
DA:66,1
DA:67,0
DA:68,0
DA:69,1
DA:70,1
DA:71,1
DA:72,1
DA:73,1
DA:74,1
DA:75,1
DA:76,1
DA:77,1
DA:78,1
DA:79,0
DA:80,0
DA:81,1
DA:82,1
DA:83,1
DA:84,1
DA:85,1
DA:86,1
DA:87,1
DA:88,1
DA:89,1
DA:90,1
DA:91,1
DA:92,4
DA:93,4
DA:94,4
DA:95,4
DA:96,4
DA:97,4
DA:98,4
DA:99,4
DA:100,4
DA:101,4
DA:102,4
DA:103,3
DA:104,3
DA:105,4
DA:106,4
DA:107,2
DA:108,2
DA:109,2
DA:110,2
DA:111,2
DA:112,1
DA:113,1
DA:114,1
DA:115,2
DA:116,4
DA:117,4
DA:118,4
DA:119,1
DA:120,5
DA:121,5
DA:122,5
DA:123,5
DA:124,5
DA:125,5
DA:126,5
DA:127,5
DA:128,5
DA:129,5
DA:130,5
DA:131,5
DA:132,5
DA:133,5
DA:134,5
DA:135,5
DA:136,5
DA:137,0
DA:138,0
DA:139,0
DA:140,0
DA:141,0
DA:142,0
DA:143,5
DA:144,5
DA:145,5
DA:146,1
DA:147,4
DA:148,5
DA:149,5
DA:150,5
DA:151,5
DA:152,5
DA:153,5
DA:154,5
DA:155,1
DA:156,1
DA:157,1
DA:158,1
DA:159,1
DA:160,1
DA:161,1
DA:162,1
DA:163,1
DA:164,1
DA:165,1
DA:166,1
DA:167,1
DA:168,5
DA:169,5
DA:170,0
DA:171,0
DA:172,0
DA:173,0
DA:174,0
DA:175,0
DA:176,5
DA:177,5
DA:178,5
DA:179,0
DA:180,0
DA:181,0
DA:182,0
DA:183,0
DA:184,0
DA:185,0
DA:186,0
DA:187,5
DA:188,5
DA:189,4
DA:190,4
DA:191,4
DA:192,4
DA:193,4
DA:194,4
DA:195,4
DA:196,4
DA:197,5
DA:198,3
DA:199,3
DA:200,3
DA:201,3
DA:202,1
DA:203,1
DA:204,1
DA:205,0
DA:206,0
DA:207,0
DA:208,0
DA:209,0
DA:210,0
DA:211,0
DA:212,3
DA:213,2
DA:214,2
DA:215,2
DA:216,2
DA:217,2
DA:218,1
DA:219,1
DA:220,1
DA:221,1
DA:222,1
DA:223,1
DA:224,1
DA:225,2
DA:226,2
DA:227,2
DA:228,2
DA:229,0
DA:230,0
DA:231,0
DA:232,0
DA:233,0
DA:234,0
DA:235,2
DA:236,1
DA:237,1
DA:238,2
DA:239,3
DA:240,0
DA:241,0
DA:242,5
DA:243,1
DA:244,1
DA:245,5
DA:246,5
DA:247,1
DA:248,1
DA:249,1
DA:250,1
DA:251,1
DA:252,1
DA:253,1
DA:254,5
DA:255,0
DA:256,0
DA:257,0
DA:258,0
DA:259,0
DA:260,0
DA:261,0
DA:262,0
DA:263,0
DA:264,0
DA:265,5
DA:266,5
DA:267,4
DA:268,4
DA:269,4
DA:270,4
DA:271,5
LF:271
LH:222
BRDA:1,0,0,5
BRDA:65,1,0,1
BRDA:66,2,0,0
BRDA:71,3,0,0
BRDA:77,4,0,1
BRDA:78,5,0,0
BRDA:88,6,0,1
BRDA:92,7,0,4
BRDA:98,8,0,0
BRDA:102,9,0,1
BRDA:102,10,0,3
BRDA:106,11,0,1
BRDA:106,12,0,2
BRDA:108,13,0,0
BRDA:111,14,0,1
BRDA:117,15,0,1
BRDA:120,16,0,5
BRDA:136,17,0,0
BRDA:145,18,0,1
BRDA:146,19,0,4
BRDA:147,20,0,0
BRDA:154,21,0,1
BRDA:159,22,0,0
BRDA:169,23,0,4
BRDA:169,24,0,0
BRDA:177,25,0,4
BRDA:177,26,0,0
BRDA:178,27,0,0
BRDA:188,28,0,4
BRDA:197,29,0,3
BRDA:201,30,0,1
BRDA:203,31,0,0
BRDA:204,32,0,0
BRDA:212,33,0,2
BRDA:217,34,0,1
BRDA:227,35,0,1
BRDA:228,36,0,0
BRDA:235,37,0,1
BRDA:239,38,0,0
BRDA:242,39,0,1
BRDA:246,40,0,4
BRDA:246,41,0,2
BRDA:246,42,0,1
BRDA:246,43,0,1
BRDA:251,44,0,0
BRDA:254,45,0,0
BRDA:266,46,0,4
BRF:47
BRH:30
end_of_record
TN:
SF:server\services\imports-service-read-operations.ts
FN:14,__name
FN:17,ImportsServiceReadOperations
FN:1,<static_initializer>
FN:23,searchImportRows
FN:34,listImports
FN:38,getImportDetails
FN:51,getImportDataPage
FN:128,analyzeImport
FN:137,analyzeAll
FNF:9
FNH:9
FNDA:2,__name
FNDA:28,ImportsServiceReadOperations
FNDA:2,<static_initializer>
FNDA:1,searchImportRows
FNDA:3,listImports
FNDA:1,getImportDetails
FNDA:9,getImportDataPage
FNDA:3,analyzeImport
FNDA:3,analyzeAll
DA:1,2
DA:2,2
DA:3,2
DA:4,2
DA:5,2
DA:6,2
DA:7,2
DA:8,2
DA:9,2
DA:10,2
DA:11,2
DA:12,2
DA:13,2
DA:14,2
DA:15,2
DA:16,2
DA:17,1
DA:18,28
DA:19,28
DA:20,28
DA:21,28
DA:22,1
DA:23,1
DA:24,1
DA:25,1
DA:26,1
DA:27,1
DA:28,1
DA:29,1
DA:30,1
DA:31,1
DA:32,1
DA:33,1
DA:34,1
DA:35,3
DA:36,3
DA:37,1
DA:38,1
DA:39,1
DA:40,1
DA:41,0
DA:42,0
DA:43,1
DA:44,1
DA:45,1
DA:46,1
DA:47,1
DA:48,1
DA:49,1
DA:50,1
DA:51,1
DA:52,9
DA:53,9
DA:54,9
DA:55,9
DA:56,2
DA:57,2
DA:58,9
DA:59,9
DA:60,9
DA:61,9
DA:62,9
DA:63,9
DA:64,9
DA:65,9
DA:66,9
DA:67,9
DA:68,9
DA:69,9
DA:70,9
DA:71,9
DA:72,9
DA:73,9
DA:74,9
DA:75,3
DA:76,3
DA:77,3
DA:78,3
DA:79,4
DA:80,9
DA:81,9
DA:82,9
DA:83,9
DA:84,6
DA:85,1
DA:86,1
DA:87,1
DA:88,1
DA:89,1
DA:90,0
DA:91,0
DA:92,1
DA:93,1
DA:94,1
DA:95,1
DA:96,1
DA:97,1
DA:98,1
DA:99,9
DA:100,9
DA:101,9
DA:102,23
DA:103,23
DA:104,23
DA:105,9
DA:106,9
DA:107,9
DA:108,9
DA:109,9
DA:110,9
DA:111,9
DA:112,9
DA:113,9
DA:114,9
DA:115,9
DA:116,9
DA:117,9
DA:118,9
DA:119,9
DA:120,9
DA:121,9
DA:122,9
DA:123,9
DA:124,9
DA:125,9
DA:126,9
DA:127,1
DA:128,1
DA:129,3
DA:130,3
DA:131,1
DA:132,1
DA:133,2
DA:134,2
DA:135,3
DA:136,1
DA:137,1
DA:138,3
DA:139,3
DA:140,3
DA:141,1
LF:141
LH:137
BRDA:14,0,0,2
BRDA:17,1,0,28
BRDA:1,2,0,2
BRDA:23,3,0,1
BRDA:26,4,0,0
BRDA:34,5,0,3
BRDA:38,6,0,1
BRDA:40,7,0,0
BRDA:51,8,0,9
BRDA:52,9,0,2
BRDA:52,10,0,7
BRDA:55,11,0,4
BRDA:55,12,0,2
BRDA:59,13,0,7
BRDA:59,14,0,2
BRDA:59,15,0,5
BRDA:60,16,0,7
BRDA:60,17,0,2
BRDA:60,18,0,5
BRDA:61,19,0,5
BRDA:65,20,0,5
BRDA:68,21,0,1
BRDA:69,22,0,7
BRDA:69,23,0,2
BRDA:69,24,0,5
BRDA:74,25,0,7
BRDA:74,26,0,3
BRDA:78,27,0,4
BRDA:81,28,0,0
BRDA:83,29,0,7
BRDA:83,30,0,6
BRDA:84,31,0,1
BRDA:87,32,0,0
BRDA:101,33,0,0
BRDA:107,34,0,0
BRDA:87,35,0,1
BRDA:89,36,0,0
BRDA:94,37,0,2
BRDA:94,38,0,0
BRDA:101,39,0,23
BRDA:128,40,0,3
BRDA:130,41,0,2
BRDA:130,42,0,1
BRDA:137,43,0,3
BRF:44
BRH:36
end_of_record
TN:
SF:shared\api-contracts.ts
FN:1,__name
FN:225,normalizeApiPaginationMeta
FNF:2
FNH:2
FNDA:4,__name
FNDA:3,normalizeApiPaginationMeta
DA:1,1
DA:2,1
DA:3,1
DA:4,1
DA:5,1
DA:6,1
DA:7,1
DA:8,1
DA:9,1
DA:10,1
DA:11,1
DA:12,1
DA:13,1
DA:14,1
DA:15,1
DA:16,1
DA:17,1
DA:18,1
DA:19,1
DA:20,1
DA:21,1
DA:22,1
DA:23,1
DA:24,1
DA:25,1
DA:26,1
DA:27,1
DA:28,1
DA:29,1
DA:30,1
DA:31,1
DA:32,1
DA:33,1
DA:34,1
DA:35,1
DA:36,1
DA:37,1
DA:38,1
DA:39,1
DA:40,1
DA:41,1
DA:42,1
DA:43,1
DA:44,1
DA:45,1
DA:46,1
DA:47,1
DA:48,1
DA:49,1
DA:50,1
DA:51,1
DA:52,1
DA:53,1
DA:54,1
DA:55,1
DA:56,1
DA:57,1
DA:58,1
DA:59,1
DA:60,1
DA:61,1
DA:62,1
DA:63,1
DA:64,1
DA:65,1
DA:66,1
DA:67,1
DA:68,1
DA:69,1
DA:70,1
DA:71,1
DA:72,1
DA:73,1
DA:74,1
DA:75,1
DA:76,1
DA:77,1
DA:78,1
DA:79,1
DA:80,1
DA:81,1
DA:82,1
DA:83,1
DA:84,1
DA:85,1
DA:86,1
DA:87,1
DA:88,1
DA:89,1
DA:90,1
DA:91,1
DA:92,1
DA:93,1
DA:94,1
DA:95,1
DA:96,1
DA:97,1
DA:98,1
DA:99,1
DA:100,1
DA:101,1
DA:102,1
DA:103,1
DA:104,1
DA:105,1
DA:106,1
DA:107,1
DA:108,1
DA:109,1
DA:110,1
DA:111,1
DA:112,1
DA:113,1
DA:114,1
DA:115,1
DA:116,1
DA:117,1
DA:118,1
DA:119,1
DA:120,1
DA:121,1
DA:122,1
DA:123,1
DA:124,1
DA:125,1
DA:126,1
DA:127,1
DA:128,1
DA:129,1
DA:130,1
DA:131,1
DA:132,1
DA:133,1
DA:134,1
DA:135,1
DA:136,1
DA:137,1
DA:138,1
DA:139,1
DA:140,1
DA:141,1
DA:142,1
DA:143,1
DA:144,1
DA:145,1
DA:146,1
DA:147,1
DA:148,1
DA:149,1
DA:150,1
DA:151,1
DA:152,1
DA:153,1
DA:154,1
DA:155,1
DA:156,1
DA:157,1
DA:158,1
DA:159,1
DA:160,1
DA:161,1
DA:162,1
DA:163,1
DA:164,1
DA:165,1
DA:166,1
DA:167,1
DA:168,1
DA:169,1
DA:170,1
DA:171,1
DA:172,1
DA:173,1
DA:174,1
DA:175,1
DA:176,1
DA:177,1
DA:178,1
DA:179,1
DA:180,1
DA:181,1
DA:182,1
DA:183,1
DA:184,1
DA:185,1
DA:186,1
DA:187,1
DA:188,1
DA:189,1
DA:190,1
DA:191,1
DA:192,1
DA:193,1
DA:194,1
DA:195,1
DA:196,1
DA:197,1
DA:198,1
DA:199,1
DA:200,1
DA:201,1
DA:202,1
DA:203,1
DA:204,1
DA:205,1
DA:206,1
DA:207,1
DA:208,1
DA:209,1
DA:210,1
DA:211,1
DA:212,1
DA:213,1
DA:214,1
DA:215,1
DA:216,1
DA:217,1
DA:218,1
DA:219,1
DA:220,1
DA:221,1
DA:222,1
DA:223,1
DA:224,1
DA:225,1
DA:226,3
DA:227,3
DA:228,3
DA:229,1
DA:230,1
DA:231,1
DA:232,1
DA:233,1
DA:234,1
DA:235,1
DA:236,1
DA:237,1
DA:238,1
DA:239,1
DA:240,1
DA:241,1
DA:242,1
DA:243,2
DA:244,2
DA:245,2
DA:246,0
DA:247,3
DA:248,3
DA:249,3
DA:250,3
DA:251,3
DA:252,3
DA:253,3
DA:254,3
DA:255,3
DA:256,3
DA:257,3
DA:258,3
DA:259,3
DA:260,3
DA:261,3
LF:261
LH:260
BRDA:1,0,0,4
BRDA:225,1,0,3
BRDA:228,2,0,2
BRDA:228,3,0,1
BRDA:245,4,0,0
BRDA:256,5,0,2
BRDA:256,6,0,0
BRF:7
BRH:5
end_of_record
